This file contains any messages produced by compilers while
running configure, to aid debugging if configure makes a mistake.

It was created by GNU C Library configure (see version.h), which was
generated by GNU Autoconf 2.63.  Invocation command line was

  $ /home/wscullin/collfs/glibc-2.12.2/configure --prefix=/home/wscullin/bgqsys --sysconfdir=/etc --libdir=/lib --bindir=/bin --datadir=/usr/share --libexecdir=/libexec --build=powerpc64-linux-gnu --host=powerpc64-bgq-linux --enable-shared --enable-static-nss --disable-multilib --without-cvs --without-gd --with-elf --with-fp=yes --enable-add-ons=nptl --with-tls --with-__thread --enable-__cxa_atexit --with-headers=/bgsys/drivers/V1R1M0/ppc64/toolchain/gnu/build-powerpc64-bgq-linux/templinuxheaders-build/include --with-binutils=/bgsys/drivers/toolchain/V1R1M0-/gnu-linux/powerpc64-bgq-linux/bin

## --------- ##
## Platform. ##
## --------- ##

hostname = cetuslac1
uname -m = ppc64
uname -r = 2.6.32-220.4.1.el6.ppc64
uname -s = Linux
uname -v = #1 SMP Thu Jan 19 14:54:32 EST 2012

/usr/bin/uname -p = unknown
/bin/uname -X     = unknown

/bin/arch              = ppc64
/usr/bin/arch -k       = unknown
/usr/convex/getsysinfo = unknown
/usr/bin/hostinfo      = unknown
/bin/machine           = unknown
/usr/bin/oslevel       = unknown
/bin/universe          = unknown

PATH: /usr/gnu/bin
PATH: /usr/bin
PATH: /bin
PATH: /bgsys/drivers/toolchain/V1R1M0-/gnu-linux/powerpc64-bgq-linux/bin
PATH: /bgsys/drivers/V1R1M0/ppc64/gnu-linux/bin


## ----------- ##
## Core tests. ##
## ----------- ##

configure:2029: checking build system type
configure:2047: result: powerpc64-unknown-linux-gnu
configure:2069: checking host system type
configure:2084: result: powerpc64-bgq-linux-gnu
configure:2115: checking for powerpc64-bgq-linux-gcc
configure:2142: result: powerpc64-bgq-linux-gcc -g -lgcc_eh -lgcc -specs=/bgsys/drivers/toolchain/V1R1M0-/gnu-linux/lib/gcc/powerpc64-bgq-linux/4.4.6/specs.orig
configure:2414: checking for C compiler version
configure:2422: powerpc64-bgq-linux-gcc -g -lgcc_eh -lgcc -specs=/bgsys/drivers/toolchain/V1R1M0-/gnu-linux/lib/gcc/powerpc64-bgq-linux/4.4.6/specs.orig --version >&5
powerpc64-bgq-linux-gcc (BGQ-V1R1M0-120410) 4.4.6
Copyright (C) 2010 Free Software Foundation, Inc.
This is free software; see the source for copying conditions.  There is NO
warranty; not even for MERCHANTABILITY or FITNESS FOR A PARTICULAR PURPOSE.

configure:2426: $? = 0
configure:2433: powerpc64-bgq-linux-gcc -g -lgcc_eh -lgcc -specs=/bgsys/drivers/toolchain/V1R1M0-/gnu-linux/lib/gcc/powerpc64-bgq-linux/4.4.6/specs.orig -v >&5
Reading specs from /bgsys/drivers/toolchain/V1R1M0-/gnu-linux/lib/gcc/powerpc64-bgq-linux/4.4.6/specs
Reading specs from /bgsys/drivers/toolchain/V1R1M0-/gnu-linux/lib/gcc/powerpc64-bgq-linux/4.4.6/specs.orig
Target: powerpc64-bgq-linux
Configured with: /bgsys/drivers/V1R1M0/ppc64/toolchain/gnu/gcc-4.4.6/configure --prefix=/bgsys/drivers/toolchain/V1R1M0-/gnu-linux --target=powerpc64-bgq-linux --with-pkgversion=BGQ-V1R1M0-120410 --host=powerpc64-linux-gnu --build=powerpc64-linux-gnu   --disable-multilib --enable-shared --enable-secureplt --disable-libmudflap --disable-libspp --with-headers=/bgsys/drivers/V1R1M0/ppc64/toolchain/gnu/build-powerpc64-bgq-linux/tempglibc-4.4.6-install/include --with-libs=/bgsys/drivers/V1R1M0/ppc64/toolchain/gnu/build-powerpc64-bgq-linux/tempglibc-4.4.6-install/lib --with-bin=/bgsys/drivers/V1R1M0/ppc64/toolchain/gnu/build-powerpc64-bgq-linux/tempglibc-4.4.6-install/bin --with-sbin=/bgsys/drivers/V1R1M0/ppc64/toolchain/gnu/build-powerpc64-bgq-linux/tempglibc-4.4.6-install/sbin --with-long-double-128 --enable-threads=posix --enable-languages=c,c++,fortran
Thread model: posix
gcc version 4.4.6 (BGQ-V1R1M0-120410) 
COMPILER_PATH=/bgsys/drivers/toolchain/V1R1M0-/gnu-linux/libexec/gcc/powerpc64-bgq-linux/4.4.6/:/bgsys/drivers/toolchain/V1R1M0-/gnu-linux/libexec/gcc/:/bgsys/drivers/toolchain/V1R1M0-/gnu-linux/lib/gcc/powerpc64-bgq-linux/4.4.6/../../../../powerpc64-bgq-linux/bin/
LIBRARY_PATH=/bgsys/drivers/toolchain/V1R1M0-/gnu-linux/lib/gcc/powerpc64-bgq-linux/4.4.6/:/bgsys/drivers/toolchain/V1R1M0-/gnu-linux/lib/gcc/:/bgsys/drivers/toolchain/V1R1M0-/gnu-linux/lib/gcc/powerpc64-bgq-linux/4.4.6/../../../../powerpc64-bgq-linux/lib/
COLLECT_GCC_OPTIONS='-g' '-v'
 /bgsys/drivers/toolchain/V1R1M0-/gnu-linux/libexec/gcc/powerpc64-bgq-linux/4.4.6/collect2 --eh-frame-hdr -V -Qy -m elf64ppc -dynamic-linker /bgsys/drivers/ppcfloor/gnu-linux/powerpc64-bgq-linux/lib/ld64.so.1 /bgsys/drivers/toolchain/V1R1M0-/gnu-linux/lib/gcc/powerpc64-bgq-linux/4.4.6/../../../../powerpc64-bgq-linux/lib/crt1.o /bgsys/drivers/toolchain/V1R1M0-/gnu-linux/lib/gcc/powerpc64-bgq-linux/4.4.6/../../../../powerpc64-bgq-linux/lib/crti.o /bgsys/drivers/toolchain/V1R1M0-/gnu-linux/lib/gcc/powerpc64-bgq-linux/4.4.6/crtbegin.o -L/bgsys/drivers/toolchain/V1R1M0-/gnu-linux/lib/gcc/powerpc64-bgq-linux/4.4.6 -L/bgsys/drivers/toolchain/V1R1M0-/gnu-linux/lib/gcc -L/bgsys/drivers/toolchain/V1R1M0-/gnu-linux/lib/gcc/powerpc64-bgq-linux/4.4.6/../../../../powerpc64-bgq-linux/lib -lgcc_eh -lgcc -lgcc --as-needed -lgcc_s --no-as-needed -lc -lgcc --as-needed -lgcc_s --no-as-needed /bgsys/drivers/toolchain/V1R1M0-/gnu-linux/lib/gcc/powerpc64-bgq-linux/4.4.6/crtend.o /bgsys/drivers/toolchain/V1R1M0-/gnu-linux/lib/gcc/powerpc64-bgq-linux/4.4.6/../../../../powerpc64-bgq-linux/lib/crtn.o
GNU ld (GNU Binutils) 2.21.1
  Supported emulations:
   elf64ppc
   elf32ppclinux
   elf32ppc
   elf32ppcsim/bgsys/drivers/toolchain/V1R1M0-/gnu-linux/lib/gcc/powerpc64-bgq-linux/4.4.6/../../../../powerpc64-bgq-linux/lib/crt1.o:(.rodata+0x8): undefined reference to `main'
collect2: ld returned 1 exit status

configure:2437: $? = 1
configure:2444: powerpc64-bgq-linux-gcc -g -lgcc_eh -lgcc -specs=/bgsys/drivers/toolchain/V1R1M0-/gnu-linux/lib/gcc/powerpc64-bgq-linux/4.4.6/specs.orig -V >&5
powerpc64-bgq-linux-gcc: '-V' must come at the start of the command line
configure:2448: $? = 1
configure:2452: checking for suffix of object files
configure:2478: powerpc64-bgq-linux-gcc -g -lgcc_eh -lgcc -specs=/bgsys/drivers/toolchain/V1R1M0-/gnu-linux/lib/gcc/powerpc64-bgq-linux/4.4.6/specs.orig -c   conftest.c >&5
configure:2482: $? = 0
configure:2507: result: o
configure:2511: checking whether we are using the GNU C compiler
configure:2540: powerpc64-bgq-linux-gcc -g -lgcc_eh -lgcc -specs=/bgsys/drivers/toolchain/V1R1M0-/gnu-linux/lib/gcc/powerpc64-bgq-linux/4.4.6/specs.orig -c   conftest.c >&5
configure:2547: $? = 0
configure:2564: result: yes
configure:2573: checking whether powerpc64-bgq-linux-gcc -g -lgcc_eh -lgcc -specs=/bgsys/drivers/toolchain/V1R1M0-/gnu-linux/lib/gcc/powerpc64-bgq-linux/4.4.6/specs.orig accepts -g
configure:2603: powerpc64-bgq-linux-gcc -g -lgcc_eh -lgcc -specs=/bgsys/drivers/toolchain/V1R1M0-/gnu-linux/lib/gcc/powerpc64-bgq-linux/4.4.6/specs.orig -c -g  conftest.c >&5
configure:2610: $? = 0
configure:2711: result: yes
configure:2728: checking for powerpc64-bgq-linux-gcc -g -lgcc_eh -lgcc -specs=/bgsys/drivers/toolchain/V1R1M0-/gnu-linux/lib/gcc/powerpc64-bgq-linux/4.4.6/specs.orig option to accept ISO C89
configure:2802: powerpc64-bgq-linux-gcc -g -lgcc_eh -lgcc -specs=/bgsys/drivers/toolchain/V1R1M0-/gnu-linux/lib/gcc/powerpc64-bgq-linux/4.4.6/specs.orig  -c -g -O2  conftest.c >&5
configure:2809: $? = 0
configure:2832: result: none needed
configure:2855: checking for gcc
configure:2871: found /usr/bin/gcc
configure:2882: result: gcc
configure:2900: checking how to run the C preprocessor
configure:2940: powerpc64-bgq-linux-gcc -g -lgcc_eh -lgcc -specs=/bgsys/drivers/toolchain/V1R1M0-/gnu-linux/lib/gcc/powerpc64-bgq-linux/4.4.6/specs.orig -E  conftest.c
configure:2947: $? = 0
configure:2978: powerpc64-bgq-linux-gcc -g -lgcc_eh -lgcc -specs=/bgsys/drivers/toolchain/V1R1M0-/gnu-linux/lib/gcc/powerpc64-bgq-linux/4.4.6/specs.orig -E  conftest.c
conftest.c:8:28: error: ac_nonexistent.h: No such file or directory
configure:2985: $? = 1
configure: failed program was:
| /* confdefs.h.  */
| #define PACKAGE_NAME "GNU C Library"
| #define PACKAGE_TARNAME "c-library"
| #define PACKAGE_VERSION "(see version.h)"
| #define PACKAGE_STRING "GNU C Library (see version.h)"
| #define PACKAGE_BUGREPORT "glibc"
| /* end confdefs.h.  */
| #include <ac_nonexistent.h>
configure:3018: result: powerpc64-bgq-linux-gcc -g -lgcc_eh -lgcc -specs=/bgsys/drivers/toolchain/V1R1M0-/gnu-linux/lib/gcc/powerpc64-bgq-linux/4.4.6/specs.orig -E
configure:3047: powerpc64-bgq-linux-gcc -g -lgcc_eh -lgcc -specs=/bgsys/drivers/toolchain/V1R1M0-/gnu-linux/lib/gcc/powerpc64-bgq-linux/4.4.6/specs.orig -E  conftest.c
configure:3054: $? = 0
configure:3085: powerpc64-bgq-linux-gcc -g -lgcc_eh -lgcc -specs=/bgsys/drivers/toolchain/V1R1M0-/gnu-linux/lib/gcc/powerpc64-bgq-linux/4.4.6/specs.orig -E  conftest.c
conftest.c:8:28: error: ac_nonexistent.h: No such file or directory
configure:3092: $? = 1
configure: failed program was:
| /* confdefs.h.  */
| #define PACKAGE_NAME "GNU C Library"
| #define PACKAGE_TARNAME "c-library"
| #define PACKAGE_VERSION "(see version.h)"
| #define PACKAGE_STRING "GNU C Library (see version.h)"
| #define PACKAGE_BUGREPORT "glibc"
| /* end confdefs.h.  */
| #include <ac_nonexistent.h>
configure:3146: checking for powerpc64-bgq-linux-g++
configure:3162: found /bgsys/drivers/V1R1M0/ppc64/gnu-linux/bin/powerpc64-bgq-linux-g++
configure:3173: result: powerpc64-bgq-linux-g++
configure:3244: checking for C++ compiler version
configure:3252: powerpc64-bgq-linux-g++ --version >&5
powerpc64-bgq-linux-g++ (BGQ-V1R1M0-120410) 4.4.6
Copyright (C) 2010 Free Software Foundation, Inc.
This is free software; see the source for copying conditions.  There is NO
warranty; not even for MERCHANTABILITY or FITNESS FOR A PARTICULAR PURPOSE.

configure:3256: $? = 0
configure:3263: powerpc64-bgq-linux-g++ -v >&5
Reading specs from /bgsys/drivers/toolchain/V1R1M0-/gnu-linux/lib/gcc/powerpc64-bgq-linux/4.4.6/specs
Target: powerpc64-bgq-linux
Configured with: /bgsys/drivers/V1R1M0/ppc64/toolchain/gnu/gcc-4.4.6/configure --prefix=/bgsys/drivers/toolchain/V1R1M0-/gnu-linux --target=powerpc64-bgq-linux --with-pkgversion=BGQ-V1R1M0-120410 --host=powerpc64-linux-gnu --build=powerpc64-linux-gnu   --disable-multilib --enable-shared --enable-secureplt --disable-libmudflap --disable-libspp --with-headers=/bgsys/drivers/V1R1M0/ppc64/toolchain/gnu/build-powerpc64-bgq-linux/tempglibc-4.4.6-install/include --with-libs=/bgsys/drivers/V1R1M0/ppc64/toolchain/gnu/build-powerpc64-bgq-linux/tempglibc-4.4.6-install/lib --with-bin=/bgsys/drivers/V1R1M0/ppc64/toolchain/gnu/build-powerpc64-bgq-linux/tempglibc-4.4.6-install/bin --with-sbin=/bgsys/drivers/V1R1M0/ppc64/toolchain/gnu/build-powerpc64-bgq-linux/tempglibc-4.4.6-install/sbin --with-long-double-128 --enable-threads=posix --enable-languages=c,c++,fortran
Thread model: posix
gcc version 4.4.6 (BGQ-V1R1M0-120410) 
configure:3267: $? = 0
configure:3274: powerpc64-bgq-linux-g++ -V >&5
powerpc64-bgq-linux-g++: '-V' option must have argument
configure:3278: $? = 1
configure:3281: checking whether we are using the GNU C++ compiler
configure:3310: powerpc64-bgq-linux-g++ -c   conftest.cpp >&5
configure:3317: $? = 0
configure:3334: result: yes
configure:3343: checking whether powerpc64-bgq-linux-g++ accepts -g
configure:3373: powerpc64-bgq-linux-g++ -c -g  conftest.cpp >&5
configure:3380: $? = 0
configure:3481: result: yes
configure:4090: running configure fragment for add-on nptl
configure:4242: checking for assembler gnu_indirect_function symbol type support
configure:4258: result: yes
configure:4261: checking whether .text pseudo-op must be used
configure:4271: powerpc64-bgq-linux-gcc -g -lgcc_eh -lgcc -specs=/bgsys/drivers/toolchain/V1R1M0-/gnu-linux/lib/gcc/powerpc64-bgq-linux/4.4.6/specs.orig  -c conftest.s 1>&5
configure:4274: $? = 0
configure:4285: result: yes
configure:4289: checking for assembler global-symbol directive
configure:4302: powerpc64-bgq-linux-gcc -g -lgcc_eh -lgcc -specs=/bgsys/drivers/toolchain/V1R1M0-/gnu-linux/lib/gcc/powerpc64-bgq-linux/4.4.6/specs.orig  -c conftest.s 1>&5
configure:4305: $? = 0
configure:4313: result: .globl
configure:4326: checking for assembler .type directive prefix
configure:4342: powerpc64-bgq-linux-gcc -g -lgcc_eh -lgcc -specs=/bgsys/drivers/toolchain/V1R1M0-/gnu-linux/lib/gcc/powerpc64-bgq-linux/4.4.6/specs.orig  -c conftest.s 1>&5
configure:4345: $? = 0
configure:4353: result: @
configure:4378: checking sysdep dirs
configure:4631: result: sysdeps/generic/elf sysdeps/generic
configure:4710: checking for a BSD-compatible install
configure:4778: result: /usr/bin/install -c
configure:4793: checking whether ln -s works
configure:4797: result: yes
configure:4921: checking whether /bgsys/drivers/toolchain/V1R1M0-/gnu-linux/powerpc64-bgq-linux/bin/as is GNU as
configure:4935: result: yes
configure:4940: checking whether /bgsys/drivers/toolchain/V1R1M0-/gnu-linux/powerpc64-bgq-linux/bin/ld is GNU ld
configure:4954: result: yes
configure:4964: checking for /bgsys/drivers/toolchain/V1R1M0-/gnu-linux/powerpc64-bgq-linux/bin/as
configure:4991: result: /bgsys/drivers/toolchain/V1R1M0-/gnu-linux/powerpc64-bgq-linux/bin/as
configure:5006: checking version of /bgsys/drivers/toolchain/V1R1M0-/gnu-linux/powerpc64-bgq-linux/bin/as
configure:5016: result: 2.21.1, ok
configure:5027: checking for /bgsys/drivers/toolchain/V1R1M0-/gnu-linux/powerpc64-bgq-linux/bin/ld
configure:5054: result: /bgsys/drivers/toolchain/V1R1M0-/gnu-linux/powerpc64-bgq-linux/bin/ld
configure:5069: checking version of /bgsys/drivers/toolchain/V1R1M0-/gnu-linux/powerpc64-bgq-linux/bin/ld
configure:5079: result: 2.21.1, ok
configure:5094: checking for pwd
configure:5112: found /bin/pwd
configure:5125: result: /bin/pwd
configure:5145: checking for powerpc64-bgq-linux-gcc
configure:5172: result: powerpc64-bgq-linux-gcc -g -lgcc_eh -lgcc -specs=/bgsys/drivers/toolchain/V1R1M0-/gnu-linux/lib/gcc/powerpc64-bgq-linux/4.4.6/specs.orig
configure:5187: checking version of powerpc64-bgq-linux-gcc -g -lgcc_eh -lgcc -specs=/bgsys/drivers/toolchain/V1R1M0-/gnu-linux/lib/gcc/powerpc64-bgq-linux/4.4.6/specs.orig
configure:5197: result: 4.4.6, ok
configure:5208: checking for gnumake
configure:5238: result: no
configure:5208: checking for gmake
configure:5224: found /usr/bin/gmake
configure:5235: result: gmake
configure:5250: checking version of gmake
configure:5260: result: 3.81, ok
configure:5272: checking for gnumsgfmt
configure:5302: result: no
configure:5272: checking for gmsgfmt
configure:5302: result: no
configure:5272: checking for msgfmt
configure:5288: found /usr/bin/msgfmt
configure:5299: result: msgfmt
configure:5314: checking version of msgfmt
configure:5324: result: 0.17, ok
configure:5335: checking for makeinfo
configure:5351: found /usr/bin/makeinfo
configure:5362: result: makeinfo
configure:5377: checking version of makeinfo
configure:5387: result: 4.13, ok
configure:5398: checking for sed
configure:5414: found /bin/sed
configure:5425: result: sed
configure:5440: checking version of sed
configure:5450: result: 4.2.1, ok
configure:5462: checking for autoconf
configure:5478: found /usr/bin/autoconf
configure:5489: result: autoconf
configure:5504: checking whether autoconf works
configure:5515: result: yes
configure:5565: checking whether ranlib is necessary
configure:5586: result: no
configure:5599: checking LD_LIBRARY_PATH variable
configure:5609: result: ok
configure:5623: checking whether GCC supports -static-libgcc
configure:5634: result: -static-libgcc
configure:5640: checking for bash
configure:5658: found /bin/bash
configure:5671: result: /bin/bash
configure:5746: checking for gawk
configure:5762: found /usr/bin/gawk
configure:5773: result: gawk
configure:5786: checking for perl
configure:5804: found /usr/bin/perl
configure:5817: result: /usr/bin/perl
configure:5831: checking for install-info
configure:5850: found /sbin/install-info
configure:5863: result: /sbin/install-info
configure:5873: checking for bison
configure:5892: found /usr/bin/bison
configure:5905: result: /usr/bin/bison
configure:5914: checking for signed size_t type
configure:5929: result: no
configure:5938: checking for libc-friendly stddef.h
configure:5972: powerpc64-bgq-linux-gcc -g -lgcc_eh -lgcc -specs=/bgsys/drivers/toolchain/V1R1M0-/gnu-linux/lib/gcc/powerpc64-bgq-linux/4.4.6/specs.orig -c -g -O2  conftest.c >&5
conftest.c: In function 'main':
conftest.c:23: warning: incompatible implicit declaration of built-in function 'abort'
configure:5979: $? = 0
configure:5994: result: yes
configure:6001: checking whether we need to use -P to assemble .S files
configure:6011: powerpc64-bgq-linux-gcc -g -lgcc_eh -lgcc -specs=/bgsys/drivers/toolchain/V1R1M0-/gnu-linux/lib/gcc/powerpc64-bgq-linux/4.4.6/specs.orig   -c conftest.S 1>&5
configure:6014: $? = 0
configure:6022: result: no
configure:6029: checking for .set assembler directive
configure:6055: result: yes
configure:6064: checking for assembler gnu_unique_object symbol type
configure:6081: result: yes
configure:6090: checking for .symver assembler directive
configure:6107: result: yes
configure:6109: checking for ld --version-script
configure:6135: powerpc64-bgq-linux-gcc -g -lgcc_eh -lgcc -specs=/bgsys/drivers/toolchain/V1R1M0-/gnu-linux/lib/gcc/powerpc64-bgq-linux/4.4.6/specs.orig -g -O2  -shared
				-o conftest.so conftest.o
				-nostartfiles -nostdlib
				-Wl,--version-script,conftest.map
		       1>&5
configure:6138: $? = 0
configure:6153: result: yes
configure:6177: checking for .previous assembler directive
configure:6187: powerpc64-bgq-linux-gcc -g -lgcc_eh -lgcc -specs=/bgsys/drivers/toolchain/V1R1M0-/gnu-linux/lib/gcc/powerpc64-bgq-linux/4.4.6/specs.orig -c  conftest.s 1>&5
configure:6190: $? = 0
configure:6198: result: yes
configure:6236: checking for .protected and .hidden assembler directive
configure:6248: powerpc64-bgq-linux-gcc -g -lgcc_eh -lgcc -specs=/bgsys/drivers/toolchain/V1R1M0-/gnu-linux/lib/gcc/powerpc64-bgq-linux/4.4.6/specs.orig -c  conftest.s 1>&5
configure:6251: $? = 0
configure:6261: result: yes
configure:6265: checking whether __attribute__((visibility())) is supported
configure:6276: powerpc64-bgq-linux-gcc -g -lgcc_eh -lgcc -specs=/bgsys/drivers/toolchain/V1R1M0-/gnu-linux/lib/gcc/powerpc64-bgq-linux/4.4.6/specs.orig -Werror -S conftest.c -o conftest.s 1>&5
configure:6279: $? = 0
configure:6290: result: yes
configure:6300: checking for broken __attribute__((visibility()))
configure:6312: powerpc64-bgq-linux-gcc -g -lgcc_eh -lgcc -specs=/bgsys/drivers/toolchain/V1R1M0-/gnu-linux/lib/gcc/powerpc64-bgq-linux/4.4.6/specs.orig -Werror -S conftest.c -o conftest.s1>&5
configure:6315: $? = 0
configure:6324: result: no
configure:6333: checking for broken __attribute__((alias()))
configure:6348: powerpc64-bgq-linux-gcc -g -lgcc_eh -lgcc -specs=/bgsys/drivers/toolchain/V1R1M0-/gnu-linux/lib/gcc/powerpc64-bgq-linux/4.4.6/specs.orig -Werror -S conftest.c -o conftest.s 1>&5
configure:6351: $? = 0
configure:6361: result: no
configure:6370: checking whether to put _rtld_local into .sdata section
configure:6384: result: yes
configure:6394: checking for .preinit_array/.init_array/.fini_array support
configure:6407: powerpc64-bgq-linux-gcc -g -lgcc_eh -lgcc -specs=/bgsys/drivers/toolchain/V1R1M0-/gnu-linux/lib/gcc/powerpc64-bgq-linux/4.4.6/specs.orig -g -O2   -o conftest conftest.c
		     -static -nostartfiles -nostdlib 1>&5
configure:6410: $? = 0
configure:6423: result: yes
configure:6431: checking for libunwind-support in compiler
configure:6448: result: no
configure:6458: checking for -z nodelete option
configure:6470: powerpc64-bgq-linux-gcc -g -lgcc_eh -lgcc -specs=/bgsys/drivers/toolchain/V1R1M0-/gnu-linux/lib/gcc/powerpc64-bgq-linux/4.4.6/specs.orig -g -O2  
		     -fPIC -shared -o conftest.so conftest.c
		     -nostartfiles -nostdlib
		     -Wl,--enable-new-dtags,-z,nodelete 1>&5
configure:6473: $? = 0
configure:6484: result: yes
configure:6487: checking for -z nodlopen option
configure:6499: powerpc64-bgq-linux-gcc -g -lgcc_eh -lgcc -specs=/bgsys/drivers/toolchain/V1R1M0-/gnu-linux/lib/gcc/powerpc64-bgq-linux/4.4.6/specs.orig -g -O2  
			-fPIC -shared -o conftest.so conftest.c
			-nostartfiles -nostdlib
			-Wl,--enable-new-dtags,-z,nodlopen 1>&5
configure:6502: $? = 0
configure:6513: result: yes
configure:6516: checking for -z initfirst option
configure:6528: powerpc64-bgq-linux-gcc -g -lgcc_eh -lgcc -specs=/bgsys/drivers/toolchain/V1R1M0-/gnu-linux/lib/gcc/powerpc64-bgq-linux/4.4.6/specs.orig -g -O2  
			-fPIC -shared -o conftest.so conftest.c
			-nostartfiles -nostdlib
			-Wl,--enable-new-dtags,-z,initfirst 1>&5
configure:6531: $? = 0
configure:6542: result: yes
configure:6547: checking for -z relro option
configure:6554: powerpc64-bgq-linux-gcc -g -lgcc_eh -lgcc -specs=/bgsys/drivers/toolchain/V1R1M0-/gnu-linux/lib/gcc/powerpc64-bgq-linux/4.4.6/specs.orig -v --help 2>&1|grep z relro 1>&5
  -z relro                    Create RELRO program header
  -z relro                    Create RELRO program header
  -z relro                    Create RELRO program header
  -z relro                    Create RELRO program header
configure:6557: $? = 0
configure:6561: powerpc64-bgq-linux-gcc -g -lgcc_eh -lgcc -specs=/bgsys/drivers/toolchain/V1R1M0-/gnu-linux/lib/gcc/powerpc64-bgq-linux/4.4.6/specs.orig -Wl,--verbose 2>&1|grep DATA_SEGMENT_RELRO_END 1>&5
  . = DATA_SEGMENT_RELRO_END (0, .);
configure:6564: $? = 0
configure:6571: result: yes
configure:6582: checking for -Bgroup option
configure:6593: powerpc64-bgq-linux-gcc -g -lgcc_eh -lgcc -specs=/bgsys/drivers/toolchain/V1R1M0-/gnu-linux/lib/gcc/powerpc64-bgq-linux/4.4.6/specs.orig -g -O2  
			      -fPIC -shared -o conftest.so conftest.c
			      -Wl,-Bgroup -nostdlib 1>&5
configure:6596: $? = 0
configure:6605: result: yes
configure:6609: checking for libgcc_s suffix
configure:6623: result: 
configure:6627: checking for --as-needed option
configure:6639: powerpc64-bgq-linux-gcc -g -lgcc_eh -lgcc -specs=/bgsys/drivers/toolchain/V1R1M0-/gnu-linux/lib/gcc/powerpc64-bgq-linux/4.4.6/specs.orig -g -O2  
			      -fPIC -shared -o conftest.so conftest.c
			      -lgcc_s -Wl,--as-needed
			      -nostdlib 1>&5
configure:6642: $? = 0
configure:6651: result: yes
configure:6656: checking whether --noexecstack is desirable for .S files
configure:6666: powerpc64-bgq-linux-gcc -g -lgcc_eh -lgcc -specs=/bgsys/drivers/toolchain/V1R1M0-/gnu-linux/lib/gcc/powerpc64-bgq-linux/4.4.6/specs.orig -g -O2 
		     -S -o conftest.s conftest.c 1>&5
configure:6669: $? = 0
configure:6686: result: no
configure:6693: checking for -z combreloc
configure:6707: powerpc64-bgq-linux-gcc -g -lgcc_eh -lgcc -specs=/bgsys/drivers/toolchain/V1R1M0-/gnu-linux/lib/gcc/powerpc64-bgq-linux/4.4.6/specs.orig -g -O2  
			-fPIC -shared -o conftest.so conftest.c
			-nostdlib -nostartfiles
			-Wl,-z,combreloc 1>&5
configure:6710: $? = 0
configure:6723: result: yes
configure:6733: checking for -z execstack
configure:6745: powerpc64-bgq-linux-gcc -g -lgcc_eh -lgcc -specs=/bgsys/drivers/toolchain/V1R1M0-/gnu-linux/lib/gcc/powerpc64-bgq-linux/4.4.6/specs.orig -g -O2  
			      -fPIC -shared -o conftest.so conftest.c
			      -Wl,-z,execstack -nostdlib
			      1>&5
configure:6748: $? = 0
configure:6757: result: yes
configure:6761: checking for -fpie
configure:6772: powerpc64-bgq-linux-gcc -g -lgcc_eh -lgcc -specs=/bgsys/drivers/toolchain/V1R1M0-/gnu-linux/lib/gcc/powerpc64-bgq-linux/4.4.6/specs.orig -g -O2   -pie -fpie
			      -o conftest conftest.c 1>&5
configure:6775: $? = 0
configure:6784: result: yes
configure:6789: checking for --hash-style option
configure:6800: powerpc64-bgq-linux-gcc -g -lgcc_eh -lgcc -specs=/bgsys/drivers/toolchain/V1R1M0-/gnu-linux/lib/gcc/powerpc64-bgq-linux/4.4.6/specs.orig -g -O2  
			      -fPIC -shared -o conftest.so conftest.c
			      -Wl,--hash-style=both -nostdlib 1>&5
configure:6803: $? = 0
configure:6812: result: yes
configure:6817: checking for -fno-toplevel-reorder -fno-section-anchors
configure:6827: powerpc64-bgq-linux-gcc -g -lgcc_eh -lgcc -specs=/bgsys/drivers/toolchain/V1R1M0-/gnu-linux/lib/gcc/powerpc64-bgq-linux/4.4.6/specs.orig -g -O2  -S -fno-toplevel-reorder -fno-section-anchors
			    conftest.c 1>&5
configure:6830: $? = 0
configure:6839: result: yes
configure:6848: checking for -fstack-protector
configure:6859: powerpc64-bgq-linux-gcc -g -lgcc_eh -lgcc -specs=/bgsys/drivers/toolchain/V1R1M0-/gnu-linux/lib/gcc/powerpc64-bgq-linux/4.4.6/specs.orig -g -O2   -Werror -fstack-protector
			    -o conftest conftest.c 1>&5
configure:6862: $? = 0
configure:6871: result: yes
configure:6875: checking for -fgnu89-inline
configure:6890: powerpc64-bgq-linux-gcc -g -lgcc_eh -lgcc -specs=/bgsys/drivers/toolchain/V1R1M0-/gnu-linux/lib/gcc/powerpc64-bgq-linux/4.4.6/specs.orig -g -O2  -S -std=gnu99 -fgnu89-inline
			    -o conftest.s conftest.c 1>&5
conftest.c:3: warning: return type defaults to 'int'
configure:6893: $? = 0
configure:6902: result: yes
configure:6973: checking whether cc puts quotes around section names
configure:6994: result: no
configure:7112: checking for assembler .weak directive
configure:7125: powerpc64-bgq-linux-gcc -g -lgcc_eh -lgcc -specs=/bgsys/drivers/toolchain/V1R1M0-/gnu-linux/lib/gcc/powerpc64-bgq-linux/4.4.6/specs.orig  -c conftest.s 1>&5
configure:7128: $? = 0
configure:7136: result: yes
configure:7183: checking whether CFI directives are supported
configure:7202: powerpc64-bgq-linux-gcc -g -lgcc_eh -lgcc -specs=/bgsys/drivers/toolchain/V1R1M0-/gnu-linux/lib/gcc/powerpc64-bgq-linux/4.4.6/specs.orig  -c conftest.s 1>&5
configure:7205: $? = 0
configure:7213: result: yes
configure:7222: checking for ld --no-whole-archive
configure:7235: powerpc64-bgq-linux-gcc -g -lgcc_eh -lgcc -specs=/bgsys/drivers/toolchain/V1R1M0-/gnu-linux/lib/gcc/powerpc64-bgq-linux/4.4.6/specs.orig -g -O2  
			    -nostdlib -nostartfiles -Wl,--no-whole-archive
			    -o conftest conftest.c 1>&5
configure:7238: $? = 0
configure:7246: result: yes
configure:7252: checking for gcc -fexceptions
configure:7265: powerpc64-bgq-linux-gcc -g -lgcc_eh -lgcc -specs=/bgsys/drivers/toolchain/V1R1M0-/gnu-linux/lib/gcc/powerpc64-bgq-linux/4.4.6/specs.orig -g -O2  
			    -nostdlib -nostartfiles -fexceptions
			    -o conftest conftest.c 1>&5
configure:7268: $? = 0
configure:7276: result: yes
configure:7343: checking for __builtin_expect
configure:7358: powerpc64-bgq-linux-gcc -g -lgcc_eh -lgcc -specs=/bgsys/drivers/toolchain/V1R1M0-/gnu-linux/lib/gcc/powerpc64-bgq-linux/4.4.6/specs.orig -g -O2   -nostdlib -nostartfiles
			    -o conftest conftest.c -lgcc >&5
/bgsys/drivers/toolchain/V1R1M0-/gnu-linux/lib/gcc/powerpc64-bgq-linux/4.4.6/../../../../powerpc64-bgq-linux/bin/ld: warning: cannot find entry symbol _start; defaulting to 0000000001100000
configure:7361: $? = 0
configure:7369: result: yes
configure:7378: checking for __builtin_memset
configure:7390: powerpc64-bgq-linux-gcc -g -lgcc_eh -lgcc -specs=/bgsys/drivers/toolchain/V1R1M0-/gnu-linux/lib/gcc/powerpc64-bgq-linux/4.4.6/specs.orig -O3 -S conftest.c -o - | fgrep memset > /dev/null
configure:7393: $? = 0
configure:7402: result: no
configure:7411: checking for redirection of built-in functions
configure:7424: powerpc64-bgq-linux-gcc -g -lgcc_eh -lgcc -specs=/bgsys/drivers/toolchain/V1R1M0-/gnu-linux/lib/gcc/powerpc64-bgq-linux/4.4.6/specs.orig -O3 -S conftest.c -o - | fgrep my_strstr > /dev/null
configure:7427: $? = 0
configure:7436: result: yes
configure:7446: checking for __thread
configure:7455: powerpc64-bgq-linux-gcc -g -lgcc_eh -lgcc -specs=/bgsys/drivers/toolchain/V1R1M0-/gnu-linux/lib/gcc/powerpc64-bgq-linux/4.4.6/specs.orig -g -O2  -c conftest.c >&5
configure:7458: $? = 0
configure:7466: result: yes
configure:7479: checking for tls_model attribute
configure:7488: powerpc64-bgq-linux-gcc -g -lgcc_eh -lgcc -specs=/bgsys/drivers/toolchain/V1R1M0-/gnu-linux/lib/gcc/powerpc64-bgq-linux/4.4.6/specs.orig -g -O2  -S -Werror conftest.c >&5
configure:7491: $? = 0
configure:7499: result: yes
configure:7538: checking for libgd
configure:7600: result: no
configure:7609: checking for is_selinux_enabled in -lselinux
configure:7644: powerpc64-bgq-linux-gcc -g -lgcc_eh -lgcc -specs=/bgsys/drivers/toolchain/V1R1M0-/gnu-linux/lib/gcc/powerpc64-bgq-linux/4.4.6/specs.orig -o conftest -g -O2   conftest.c -lselinux   >&5
/bgsys/drivers/toolchain/V1R1M0-/gnu-linux/lib/gcc/powerpc64-bgq-linux/4.4.6/../../../../powerpc64-bgq-linux/bin/ld: cannot find -lselinux
collect2: ld returned 1 exit status
configure:7651: $? = 1
configure: failed program was:
| /* confdefs.h.  */
| #define PACKAGE_NAME "GNU C Library"
| #define PACKAGE_TARNAME "c-library"
| #define PACKAGE_VERSION "(see version.h)"
| #define PACKAGE_STRING "GNU C Library (see version.h)"
| #define PACKAGE_BUGREPORT "glibc"
| #define DO_STATIC_NSS 1
| #define ASM_GLOBAL_DIRECTIVE .globl
| #define ASM_TYPE_DIRECTIVE_PREFIX @
| #define HAVE_ASM_SET_DIRECTIVE 1
| #define HAVE_ASM_UNIQUE_OBJECT 1
| #define DO_VERSIONING 1
| #define HAVE_ASM_PREVIOUS_DIRECTIVE 1
| #define HAVE_SDATA_SECTION 1
| #define HAVE_Z_COMBRELOC 1
| #define NO_UNDERSCORES 1
| #define HAVE_ASM_WEAK_DIRECTIVE 1
| #define HAVE_ASM_CFI_DIRECTIVES 1
| #define HAVE_BUILTIN_EXPECT 1
| #define HAVE_BUILTIN_REDIRECTION 1
| #define HAVE___THREAD 1
| #define HAVE_TLS_MODEL_ATTRIBUTE 1
| /* end confdefs.h.  */
| 
| /* Override any GCC internal prototype to avoid an error.
|    Use char because int might match the return type of a GCC
|    builtin and then its argument prototype would still apply.  */
| #ifdef __cplusplus
| extern "C"
| #endif
| char is_selinux_enabled ();
| int
| main ()
| {
| return is_selinux_enabled ();
|   ;
|   return 0;
| }
configure:7672: result: no
configure:7915: checking for grep that handles long lines and -e
configure:7975: result: /bin/grep
configure:7980: checking for egrep
configure:8044: result: /bin/grep -E
configure:8049: checking for ANSI C header files
configure:8079: powerpc64-bgq-linux-gcc -g -lgcc_eh -lgcc -specs=/bgsys/drivers/toolchain/V1R1M0-/gnu-linux/lib/gcc/powerpc64-bgq-linux/4.4.6/specs.orig -c -g -O2  conftest.c >&5
configure:8086: $? = 0
configure:8217: result: yes
configure:8241: checking for sys/types.h
configure:8262: powerpc64-bgq-linux-gcc -g -lgcc_eh -lgcc -specs=/bgsys/drivers/toolchain/V1R1M0-/gnu-linux/lib/gcc/powerpc64-bgq-linux/4.4.6/specs.orig -c -g -O2  conftest.c >&5
configure:8269: $? = 0
configure:8286: result: yes
configure:8241: checking for sys/stat.h
configure:8262: powerpc64-bgq-linux-gcc -g -lgcc_eh -lgcc -specs=/bgsys/drivers/toolchain/V1R1M0-/gnu-linux/lib/gcc/powerpc64-bgq-linux/4.4.6/specs.orig -c -g -O2  conftest.c >&5
configure:8269: $? = 0
configure:8286: result: yes
configure:8241: checking for stdlib.h
configure:8262: powerpc64-bgq-linux-gcc -g -lgcc_eh -lgcc -specs=/bgsys/drivers/toolchain/V1R1M0-/gnu-linux/lib/gcc/powerpc64-bgq-linux/4.4.6/specs.orig -c -g -O2  conftest.c >&5
configure:8269: $? = 0
configure:8286: result: yes
configure:8241: checking for string.h
configure:8262: powerpc64-bgq-linux-gcc -g -lgcc_eh -lgcc -specs=/bgsys/drivers/toolchain/V1R1M0-/gnu-linux/lib/gcc/powerpc64-bgq-linux/4.4.6/specs.orig -c -g -O2  conftest.c >&5
configure:8269: $? = 0
configure:8286: result: yes
configure:8241: checking for memory.h
configure:8262: powerpc64-bgq-linux-gcc -g -lgcc_eh -lgcc -specs=/bgsys/drivers/toolchain/V1R1M0-/gnu-linux/lib/gcc/powerpc64-bgq-linux/4.4.6/specs.orig -c -g -O2  conftest.c >&5
configure:8269: $? = 0
configure:8286: result: yes
configure:8241: checking for strings.h
configure:8262: powerpc64-bgq-linux-gcc -g -lgcc_eh -lgcc -specs=/bgsys/drivers/toolchain/V1R1M0-/gnu-linux/lib/gcc/powerpc64-bgq-linux/4.4.6/specs.orig -c -g -O2  conftest.c >&5
configure:8269: $? = 0
configure:8286: result: yes
configure:8241: checking for inttypes.h
configure:8262: powerpc64-bgq-linux-gcc -g -lgcc_eh -lgcc -specs=/bgsys/drivers/toolchain/V1R1M0-/gnu-linux/lib/gcc/powerpc64-bgq-linux/4.4.6/specs.orig -c -g -O2  conftest.c >&5
configure:8269: $? = 0
configure:8286: result: yes
configure:8241: checking for stdint.h
configure:8262: powerpc64-bgq-linux-gcc -g -lgcc_eh -lgcc -specs=/bgsys/drivers/toolchain/V1R1M0-/gnu-linux/lib/gcc/powerpc64-bgq-linux/4.4.6/specs.orig -c -g -O2  conftest.c >&5
configure:8269: $? = 0
configure:8286: result: yes
configure:8241: checking for unistd.h
configure:8262: powerpc64-bgq-linux-gcc -g -lgcc_eh -lgcc -specs=/bgsys/drivers/toolchain/V1R1M0-/gnu-linux/lib/gcc/powerpc64-bgq-linux/4.4.6/specs.orig -c -g -O2  conftest.c >&5
configure:8269: $? = 0
configure:8286: result: yes
configure:8304: checking size of long double
configure:8334: powerpc64-bgq-linux-gcc -g -lgcc_eh -lgcc -specs=/bgsys/drivers/toolchain/V1R1M0-/gnu-linux/lib/gcc/powerpc64-bgq-linux/4.4.6/specs.orig -c -g -O2  conftest.c >&5
configure:8341: $? = 0
configure:8371: powerpc64-bgq-linux-gcc -g -lgcc_eh -lgcc -specs=/bgsys/drivers/toolchain/V1R1M0-/gnu-linux/lib/gcc/powerpc64-bgq-linux/4.4.6/specs.orig -c -g -O2  conftest.c >&5
conftest.c: In function 'main':
conftest.c:70: error: size of array 'test_array' is negative
configure:8378: $? = 1
configure: failed program was:
| /* confdefs.h.  */
| #define PACKAGE_NAME "GNU C Library"
| #define PACKAGE_TARNAME "c-library"
| #define PACKAGE_VERSION "(see version.h)"
| #define PACKAGE_STRING "GNU C Library (see version.h)"
| #define PACKAGE_BUGREPORT "glibc"
| #define DO_STATIC_NSS 1
| #define ASM_GLOBAL_DIRECTIVE .globl
| #define ASM_TYPE_DIRECTIVE_PREFIX @
| #define HAVE_ASM_SET_DIRECTIVE 1
| #define HAVE_ASM_UNIQUE_OBJECT 1
| #define DO_VERSIONING 1
| #define HAVE_ASM_PREVIOUS_DIRECTIVE 1
| #define HAVE_SDATA_SECTION 1
| #define HAVE_Z_COMBRELOC 1
| #define NO_UNDERSCORES 1
| #define HAVE_ASM_WEAK_DIRECTIVE 1
| #define HAVE_ASM_CFI_DIRECTIVES 1
| #define HAVE_BUILTIN_EXPECT 1
| #define HAVE_BUILTIN_REDIRECTION 1
| #define HAVE___THREAD 1
| #define HAVE_TLS_MODEL_ATTRIBUTE 1
| #define STDC_HEADERS 1
| #define HAVE_SYS_TYPES_H 1
| #define HAVE_SYS_STAT_H 1
| #define HAVE_STDLIB_H 1
| #define HAVE_STRING_H 1
| #define HAVE_MEMORY_H 1
| #define HAVE_STRINGS_H 1
| #define HAVE_INTTYPES_H 1
| #define HAVE_STDINT_H 1
| #define HAVE_UNISTD_H 1
| /* end confdefs.h.  */
| #include <stdio.h>
| #ifdef HAVE_SYS_TYPES_H
| # include <sys/types.h>
| #endif
| #ifdef HAVE_SYS_STAT_H
| # include <sys/stat.h>
| #endif
| #ifdef STDC_HEADERS
| # include <stdlib.h>
| # include <stddef.h>
| #else
| # ifdef HAVE_STDLIB_H
| #  include <stdlib.h>
| # endif
| #endif
| #ifdef HAVE_STRING_H
| # if !defined STDC_HEADERS && defined HAVE_MEMORY_H
| #  include <memory.h>
| # endif
| # include <string.h>
| #endif
| #ifdef HAVE_STRINGS_H
| # include <strings.h>
| #endif
| #ifdef HAVE_INTTYPES_H
| # include <inttypes.h>
| #endif
| #ifdef HAVE_STDINT_H
| # include <stdint.h>
| #endif
| #ifdef HAVE_UNISTD_H
| # include <unistd.h>
| #endif
| int
| main ()
| {
| static int test_array [1 - 2 * !(((long int) (sizeof (long double))) <= 0)];
| test_array [0] = 0
| 
|   ;
|   return 0;
| }
configure:8371: powerpc64-bgq-linux-gcc -g -lgcc_eh -lgcc -specs=/bgsys/drivers/toolchain/V1R1M0-/gnu-linux/lib/gcc/powerpc64-bgq-linux/4.4.6/specs.orig -c -g -O2  conftest.c >&5
conftest.c: In function 'main':
conftest.c:70: error: size of array 'test_array' is negative
configure:8378: $? = 1
configure: failed program was:
| /* confdefs.h.  */
| #define PACKAGE_NAME "GNU C Library"
| #define PACKAGE_TARNAME "c-library"
| #define PACKAGE_VERSION "(see version.h)"
| #define PACKAGE_STRING "GNU C Library (see version.h)"
| #define PACKAGE_BUGREPORT "glibc"
| #define DO_STATIC_NSS 1
| #define ASM_GLOBAL_DIRECTIVE .globl
| #define ASM_TYPE_DIRECTIVE_PREFIX @
| #define HAVE_ASM_SET_DIRECTIVE 1
| #define HAVE_ASM_UNIQUE_OBJECT 1
| #define DO_VERSIONING 1
| #define HAVE_ASM_PREVIOUS_DIRECTIVE 1
| #define HAVE_SDATA_SECTION 1
| #define HAVE_Z_COMBRELOC 1
| #define NO_UNDERSCORES 1
| #define HAVE_ASM_WEAK_DIRECTIVE 1
| #define HAVE_ASM_CFI_DIRECTIVES 1
| #define HAVE_BUILTIN_EXPECT 1
| #define HAVE_BUILTIN_REDIRECTION 1
| #define HAVE___THREAD 1
| #define HAVE_TLS_MODEL_ATTRIBUTE 1
| #define STDC_HEADERS 1
| #define HAVE_SYS_TYPES_H 1
| #define HAVE_SYS_STAT_H 1
| #define HAVE_STDLIB_H 1
| #define HAVE_STRING_H 1
| #define HAVE_MEMORY_H 1
| #define HAVE_STRINGS_H 1
| #define HAVE_INTTYPES_H 1
| #define HAVE_STDINT_H 1
| #define HAVE_UNISTD_H 1
| /* end confdefs.h.  */
| #include <stdio.h>
| #ifdef HAVE_SYS_TYPES_H
| # include <sys/types.h>
| #endif
| #ifdef HAVE_SYS_STAT_H
| # include <sys/stat.h>
| #endif
| #ifdef STDC_HEADERS
| # include <stdlib.h>
| # include <stddef.h>
| #else
| # ifdef HAVE_STDLIB_H
| #  include <stdlib.h>
| # endif
| #endif
| #ifdef HAVE_STRING_H
| # if !defined STDC_HEADERS && defined HAVE_MEMORY_H
| #  include <memory.h>
| # endif
| # include <string.h>
| #endif
| #ifdef HAVE_STRINGS_H
| # include <strings.h>
| #endif
| #ifdef HAVE_INTTYPES_H
| # include <inttypes.h>
| #endif
| #ifdef HAVE_STDINT_H
| # include <stdint.h>
| #endif
| #ifdef HAVE_UNISTD_H
| # include <unistd.h>
| #endif
| int
| main ()
| {
| static int test_array [1 - 2 * !(((long int) (sizeof (long double))) <= 1)];
| test_array [0] = 0
| 
|   ;
|   return 0;
| }
configure:8371: powerpc64-bgq-linux-gcc -g -lgcc_eh -lgcc -specs=/bgsys/drivers/toolchain/V1R1M0-/gnu-linux/lib/gcc/powerpc64-bgq-linux/4.4.6/specs.orig -c -g -O2  conftest.c >&5
conftest.c: In function 'main':
conftest.c:70: error: size of array 'test_array' is negative
configure:8378: $? = 1
configure: failed program was:
| /* confdefs.h.  */
| #define PACKAGE_NAME "GNU C Library"
| #define PACKAGE_TARNAME "c-library"
| #define PACKAGE_VERSION "(see version.h)"
| #define PACKAGE_STRING "GNU C Library (see version.h)"
| #define PACKAGE_BUGREPORT "glibc"
| #define DO_STATIC_NSS 1
| #define ASM_GLOBAL_DIRECTIVE .globl
| #define ASM_TYPE_DIRECTIVE_PREFIX @
| #define HAVE_ASM_SET_DIRECTIVE 1
| #define HAVE_ASM_UNIQUE_OBJECT 1
| #define DO_VERSIONING 1
| #define HAVE_ASM_PREVIOUS_DIRECTIVE 1
| #define HAVE_SDATA_SECTION 1
| #define HAVE_Z_COMBRELOC 1
| #define NO_UNDERSCORES 1
| #define HAVE_ASM_WEAK_DIRECTIVE 1
| #define HAVE_ASM_CFI_DIRECTIVES 1
| #define HAVE_BUILTIN_EXPECT 1
| #define HAVE_BUILTIN_REDIRECTION 1
| #define HAVE___THREAD 1
| #define HAVE_TLS_MODEL_ATTRIBUTE 1
| #define STDC_HEADERS 1
| #define HAVE_SYS_TYPES_H 1
| #define HAVE_SYS_STAT_H 1
| #define HAVE_STDLIB_H 1
| #define HAVE_STRING_H 1
| #define HAVE_MEMORY_H 1
| #define HAVE_STRINGS_H 1
| #define HAVE_INTTYPES_H 1
| #define HAVE_STDINT_H 1
| #define HAVE_UNISTD_H 1
| /* end confdefs.h.  */
| #include <stdio.h>
| #ifdef HAVE_SYS_TYPES_H
| # include <sys/types.h>
| #endif
| #ifdef HAVE_SYS_STAT_H
| # include <sys/stat.h>
| #endif
| #ifdef STDC_HEADERS
| # include <stdlib.h>
| # include <stddef.h>
| #else
| # ifdef HAVE_STDLIB_H
| #  include <stdlib.h>
| # endif
| #endif
| #ifdef HAVE_STRING_H
| # if !defined STDC_HEADERS && defined HAVE_MEMORY_H
| #  include <memory.h>
| # endif
| # include <string.h>
| #endif
| #ifdef HAVE_STRINGS_H
| # include <strings.h>
| #endif
| #ifdef HAVE_INTTYPES_H
| # include <inttypes.h>
| #endif
| #ifdef HAVE_STDINT_H
| # include <stdint.h>
| #endif
| #ifdef HAVE_UNISTD_H
| # include <unistd.h>
| #endif
| int
| main ()
| {
| static int test_array [1 - 2 * !(((long int) (sizeof (long double))) <= 3)];
| test_array [0] = 0
| 
|   ;
|   return 0;
| }
configure:8371: powerpc64-bgq-linux-gcc -g -lgcc_eh -lgcc -specs=/bgsys/drivers/toolchain/V1R1M0-/gnu-linux/lib/gcc/powerpc64-bgq-linux/4.4.6/specs.orig -c -g -O2  conftest.c >&5
conftest.c: In function 'main':
conftest.c:70: error: size of array 'test_array' is negative
configure:8378: $? = 1
configure: failed program was:
| /* confdefs.h.  */
| #define PACKAGE_NAME "GNU C Library"
| #define PACKAGE_TARNAME "c-library"
| #define PACKAGE_VERSION "(see version.h)"
| #define PACKAGE_STRING "GNU C Library (see version.h)"
| #define PACKAGE_BUGREPORT "glibc"
| #define DO_STATIC_NSS 1
| #define ASM_GLOBAL_DIRECTIVE .globl
| #define ASM_TYPE_DIRECTIVE_PREFIX @
| #define HAVE_ASM_SET_DIRECTIVE 1
| #define HAVE_ASM_UNIQUE_OBJECT 1
| #define DO_VERSIONING 1
| #define HAVE_ASM_PREVIOUS_DIRECTIVE 1
| #define HAVE_SDATA_SECTION 1
| #define HAVE_Z_COMBRELOC 1
| #define NO_UNDERSCORES 1
| #define HAVE_ASM_WEAK_DIRECTIVE 1
| #define HAVE_ASM_CFI_DIRECTIVES 1
| #define HAVE_BUILTIN_EXPECT 1
| #define HAVE_BUILTIN_REDIRECTION 1
| #define HAVE___THREAD 1
| #define HAVE_TLS_MODEL_ATTRIBUTE 1
| #define STDC_HEADERS 1
| #define HAVE_SYS_TYPES_H 1
| #define HAVE_SYS_STAT_H 1
| #define HAVE_STDLIB_H 1
| #define HAVE_STRING_H 1
| #define HAVE_MEMORY_H 1
| #define HAVE_STRINGS_H 1
| #define HAVE_INTTYPES_H 1
| #define HAVE_STDINT_H 1
| #define HAVE_UNISTD_H 1
| /* end confdefs.h.  */
| #include <stdio.h>
| #ifdef HAVE_SYS_TYPES_H
| # include <sys/types.h>
| #endif
| #ifdef HAVE_SYS_STAT_H
| # include <sys/stat.h>
| #endif
| #ifdef STDC_HEADERS
| # include <stdlib.h>
| # include <stddef.h>
| #else
| # ifdef HAVE_STDLIB_H
| #  include <stdlib.h>
| # endif
| #endif
| #ifdef HAVE_STRING_H
| # if !defined STDC_HEADERS && defined HAVE_MEMORY_H
| #  include <memory.h>
| # endif
| # include <string.h>
| #endif
| #ifdef HAVE_STRINGS_H
| # include <strings.h>
| #endif
| #ifdef HAVE_INTTYPES_H
| # include <inttypes.h>
| #endif
| #ifdef HAVE_STDINT_H
| # include <stdint.h>
| #endif
| #ifdef HAVE_UNISTD_H
| # include <unistd.h>
| #endif
| int
| main ()
| {
| static int test_array [1 - 2 * !(((long int) (sizeof (long double))) <= 7)];
| test_array [0] = 0
| 
|   ;
|   return 0;
| }
configure:8371: powerpc64-bgq-linux-gcc -g -lgcc_eh -lgcc -specs=/bgsys/drivers/toolchain/V1R1M0-/gnu-linux/lib/gcc/powerpc64-bgq-linux/4.4.6/specs.orig -c -g -O2  conftest.c >&5
conftest.c: In function 'main':
conftest.c:70: error: size of array 'test_array' is negative
configure:8378: $? = 1
configure: failed program was:
| /* confdefs.h.  */
| #define PACKAGE_NAME "GNU C Library"
| #define PACKAGE_TARNAME "c-library"
| #define PACKAGE_VERSION "(see version.h)"
| #define PACKAGE_STRING "GNU C Library (see version.h)"
| #define PACKAGE_BUGREPORT "glibc"
| #define DO_STATIC_NSS 1
| #define ASM_GLOBAL_DIRECTIVE .globl
| #define ASM_TYPE_DIRECTIVE_PREFIX @
| #define HAVE_ASM_SET_DIRECTIVE 1
| #define HAVE_ASM_UNIQUE_OBJECT 1
| #define DO_VERSIONING 1
| #define HAVE_ASM_PREVIOUS_DIRECTIVE 1
| #define HAVE_SDATA_SECTION 1
| #define HAVE_Z_COMBRELOC 1
| #define NO_UNDERSCORES 1
| #define HAVE_ASM_WEAK_DIRECTIVE 1
| #define HAVE_ASM_CFI_DIRECTIVES 1
| #define HAVE_BUILTIN_EXPECT 1
| #define HAVE_BUILTIN_REDIRECTION 1
| #define HAVE___THREAD 1
| #define HAVE_TLS_MODEL_ATTRIBUTE 1
| #define STDC_HEADERS 1
| #define HAVE_SYS_TYPES_H 1
| #define HAVE_SYS_STAT_H 1
| #define HAVE_STDLIB_H 1
| #define HAVE_STRING_H 1
| #define HAVE_MEMORY_H 1
| #define HAVE_STRINGS_H 1
| #define HAVE_INTTYPES_H 1
| #define HAVE_STDINT_H 1
| #define HAVE_UNISTD_H 1
| /* end confdefs.h.  */
| #include <stdio.h>
| #ifdef HAVE_SYS_TYPES_H
| # include <sys/types.h>
| #endif
| #ifdef HAVE_SYS_STAT_H
| # include <sys/stat.h>
| #endif
| #ifdef STDC_HEADERS
| # include <stdlib.h>
| # include <stddef.h>
| #else
| # ifdef HAVE_STDLIB_H
| #  include <stdlib.h>
| # endif
| #endif
| #ifdef HAVE_STRING_H
| # if !defined STDC_HEADERS && defined HAVE_MEMORY_H
| #  include <memory.h>
| # endif
| # include <string.h>
| #endif
| #ifdef HAVE_STRINGS_H
| # include <strings.h>
| #endif
| #ifdef HAVE_INTTYPES_H
| # include <inttypes.h>
| #endif
| #ifdef HAVE_STDINT_H
| # include <stdint.h>
| #endif
| #ifdef HAVE_UNISTD_H
| # include <unistd.h>
| #endif
| int
| main ()
| {
| static int test_array [1 - 2 * !(((long int) (sizeof (long double))) <= 15)];
| test_array [0] = 0
| 
|   ;
|   return 0;
| }
configure:8371: powerpc64-bgq-linux-gcc -g -lgcc_eh -lgcc -specs=/bgsys/drivers/toolchain/V1R1M0-/gnu-linux/lib/gcc/powerpc64-bgq-linux/4.4.6/specs.orig -c -g -O2  conftest.c >&5
configure:8378: $? = 0
configure:8526: powerpc64-bgq-linux-gcc -g -lgcc_eh -lgcc -specs=/bgsys/drivers/toolchain/V1R1M0-/gnu-linux/lib/gcc/powerpc64-bgq-linux/4.4.6/specs.orig -c -g -O2  conftest.c >&5
configure:8533: $? = 0
configure:8526: powerpc64-bgq-linux-gcc -g -lgcc_eh -lgcc -specs=/bgsys/drivers/toolchain/V1R1M0-/gnu-linux/lib/gcc/powerpc64-bgq-linux/4.4.6/specs.orig -c -g -O2  conftest.c >&5
configure:8533: $? = 0
configure:8526: powerpc64-bgq-linux-gcc -g -lgcc_eh -lgcc -specs=/bgsys/drivers/toolchain/V1R1M0-/gnu-linux/lib/gcc/powerpc64-bgq-linux/4.4.6/specs.orig -c -g -O2  conftest.c >&5
configure:8533: $? = 0
configure:8526: powerpc64-bgq-linux-gcc -g -lgcc_eh -lgcc -specs=/bgsys/drivers/toolchain/V1R1M0-/gnu-linux/lib/gcc/powerpc64-bgq-linux/4.4.6/specs.orig -c -g -O2  conftest.c >&5
configure:8533: $? = 0
configure:8649: result: 16
configure:8681: result: running configure fragment for sysdeps/powerpc/powerpc64/elf
configure:7: checking for powerpc64 TLS support
configure:63: result: yes
configure:8681: result: running configure fragment for sysdeps/unix/sysv/linux/powerpc
configure:5: checking whether powerpc64-bgq-linux-gcc -g -lgcc_eh -lgcc -specs=/bgsys/drivers/toolchain/V1R1M0-/gnu-linux/lib/gcc/powerpc64-bgq-linux/4.4.6/specs.orig -g -O2 -mlong-double-128 uses IBM extended format
configure:37: powerpc64-bgq-linux-gcc -g -lgcc_eh -lgcc -specs=/bgsys/drivers/toolchain/V1R1M0-/gnu-linux/lib/gcc/powerpc64-bgq-linux/4.4.6/specs.orig -c -g -O2 -mlong-double-128  conftest.c >&5
configure:44: $? = 0
configure:60: result: yes
configure:8681: result: running configure fragment for sysdeps/ieee754/ldbl-opt
configure:5: checking whether powerpc64-bgq-linux-gcc -g -lgcc_eh -lgcc -specs=/bgsys/drivers/toolchain/V1R1M0-/gnu-linux/lib/gcc/powerpc64-bgq-linux/4.4.6/specs.orig -g -O2 supports -mlong-double-128
configure:37: powerpc64-bgq-linux-gcc -g -lgcc_eh -lgcc -specs=/bgsys/drivers/toolchain/V1R1M0-/gnu-linux/lib/gcc/powerpc64-bgq-linux/4.4.6/specs.orig -c -g -O2 -mlong-double-128  conftest.c >&5
configure:44: $? = 0
configure:60: result: yes
configure:8681: result: running configure fragment for nptl/sysdeps/pthread
configure:8681: result: running configure fragment for sysdeps/pthread
configure:8681: result: running configure fragment for sysdeps/unix/sysv/linux
configure:14: checking for grep that handles long lines and -e
configure:74: result: /bin/grep
configure:79: checking for egrep
configure:143: result: /bin/grep -E
configure:148: checking installed Linux kernel header files
configure:173: result: 2.0.10 or later
configure:277: checking for kernel header at least 2.4.21
configure:300: result: ok
configure:8681: result: running configure fragment for sysdeps/powerpc/powerpc64
configure:6: checking for support for omitting dot symbols
configure:14: powerpc64-bgq-linux-gcc -g -lgcc_eh -lgcc -specs=/bgsys/drivers/toolchain/V1R1M0-/gnu-linux/lib/gcc/powerpc64-bgq-linux/4.4.6/specs.orig -g -O2  -S conftest.c -o conftest.s 1>&5
configure:17: $? = 0
configure:28: result: yes
configure:37: checking for linker support for overlapping .opd entries
configure:45: powerpc64-bgq-linux-gcc -g -lgcc_eh -lgcc -specs=/bgsys/drivers/toolchain/V1R1M0-/gnu-linux/lib/gcc/powerpc64-bgq-linux/4.4.6/specs.orig -g -O2  -S conftest.c -o conftest.s 1>&5
configure:48: $? = 0
configure:61: result: no
configure:8681: result: running configure fragment for sysdeps/powerpc
configure:5: checking for .machine support
configure:26: result: yes
configure:8780: checking for old glibc 2.0.x headers
configure:8788: result: no
configure:8832: checking whether -fPIC is default
configure:8848: result: no
configure:8979: creating ./config.status

## ---------------------- ##
## Running config.status. ##
## ---------------------- ##

This file was extended by GNU C Library config.status (see version.h), which was
generated by GNU Autoconf 2.63.  Invocation command line was

  CONFIG_FILES    = 
  CONFIG_HEADERS  = 
  CONFIG_LINKS    = 
  CONFIG_COMMANDS = 
  $ ./config.status 

on cetuslac1

config.status:875: creating config.make
config.status:875: creating Makefile
config.status:875: creating config.h
config.status:1102: executing default commands

## ---------------- ##
## Cache variables. ##
## ---------------- ##

ac_cv_build=powerpc64-unknown-linux-gnu
ac_cv_c_compiler_gnu=yes
ac_cv_cxx_compiler_gnu=yes
ac_cv_env_CCC_set=
ac_cv_env_CCC_value=
ac_cv_env_CC_set=set
ac_cv_env_CC_value='powerpc64-bgq-linux-gcc -g -lgcc_eh -lgcc -specs=/bgsys/drivers/toolchain/V1R1M0-/gnu-linux/lib/gcc/powerpc64-bgq-linux/4.4.6/specs.orig'
ac_cv_env_CFLAGS_set=
ac_cv_env_CFLAGS_value=
ac_cv_env_CPPFLAGS_set=
ac_cv_env_CPPFLAGS_value=
ac_cv_env_CPP_set=
ac_cv_env_CPP_value=
ac_cv_env_CXXFLAGS_set=
ac_cv_env_CXXFLAGS_value=
ac_cv_env_CXX_set=
ac_cv_env_CXX_value=
ac_cv_env_LDFLAGS_set=
ac_cv_env_LDFLAGS_value=
ac_cv_env_LIBS_set=
ac_cv_env_LIBS_value=
ac_cv_env_build_alias_set=set
ac_cv_env_build_alias_value=powerpc64-linux-gnu
ac_cv_env_host_alias_set=set
ac_cv_env_host_alias_value=powerpc64-bgq-linux
ac_cv_env_target_alias_set=
ac_cv_env_target_alias_value=
ac_cv_header_inttypes_h=yes
ac_cv_header_memory_h=yes
ac_cv_header_stdc=yes
ac_cv_header_stdint_h=yes
ac_cv_header_stdlib_h=yes
ac_cv_header_string_h=yes
ac_cv_header_strings_h=yes
ac_cv_header_sys_stat_h=yes
ac_cv_header_sys_types_h=yes
ac_cv_header_unistd_h=yes
ac_cv_host=powerpc64-bgq-linux-gnu
ac_cv_lib_selinux_is_selinux_enabled=no
ac_cv_objext=o
ac_cv_path_BASH_SHELL=/bin/bash
ac_cv_path_BISON=/usr/bin/bison
ac_cv_path_EGREP='/bin/grep -E'
ac_cv_path_GREP=/bin/grep
ac_cv_path_INSTALL_INFO=/sbin/install-info
ac_cv_path_PERL=/usr/bin/perl
ac_cv_path_PWD_P=/bin/pwd
ac_cv_path_install='/usr/bin/install -c'
ac_cv_prog_AS=/bgsys/drivers/toolchain/V1R1M0-/gnu-linux/powerpc64-bgq-linux/bin/as
ac_cv_prog_AUTOCONF=autoconf
ac_cv_prog_AWK=gawk
ac_cv_prog_BUILD_CC=gcc
ac_cv_prog_CC='powerpc64-bgq-linux-gcc -g -lgcc_eh -lgcc -specs=/bgsys/drivers/toolchain/V1R1M0-/gnu-linux/lib/gcc/powerpc64-bgq-linux/4.4.6/specs.orig'
ac_cv_prog_CPP='powerpc64-bgq-linux-gcc -g -lgcc_eh -lgcc -specs=/bgsys/drivers/toolchain/V1R1M0-/gnu-linux/lib/gcc/powerpc64-bgq-linux/4.4.6/specs.orig -E'
ac_cv_prog_CXX=powerpc64-bgq-linux-g++
ac_cv_prog_LD=/bgsys/drivers/toolchain/V1R1M0-/gnu-linux/powerpc64-bgq-linux/bin/ld
ac_cv_prog_MAKE=gmake
ac_cv_prog_MAKEINFO=makeinfo
ac_cv_prog_MSGFMT=msgfmt
ac_cv_prog_SED=sed
ac_cv_prog_cc_c89=
ac_cv_prog_cc_g=yes
ac_cv_prog_cxx_g=yes
ac_cv_sizeof_long_double=16
libc_cv_Bgroup=yes
libc_cv_as_needed=yes
libc_cv_as_noexecstack=no
libc_cv_asm_cfi_directives=yes
libc_cv_asm_global_directive=.globl
libc_cv_asm_gnu_indirect_function=yes
libc_cv_asm_previous_directive=yes
libc_cv_asm_protected_directive=yes
libc_cv_asm_set_directive=yes
libc_cv_asm_symver_directive=yes
libc_cv_asm_type_prefix=@
libc_cv_asm_underscores=no
libc_cv_asm_unique_object=yes
libc_cv_asm_weak_directive=yes
libc_cv_autoconf_works=yes
libc_cv_broken_alias_attribute=no
libc_cv_broken_visibility_attribute=no
libc_cv_c_cleanup=yes
libc_cv_cc_with_libunwind=no
libc_cv_dot_text=.text
libc_cv_fno_toplevel_reorder=yes
libc_cv_forced_unwind=yes
libc_cv_fpie=yes
libc_cv_friendly_stddef=yes
libc_cv_gcc___thread=yes
libc_cv_gcc_builtin_expect=yes
libc_cv_gcc_builtin_memset=no
libc_cv_gcc_builtin_redirection=yes
libc_cv_gcc_exceptions=yes
libc_cv_gcc_static_libgcc=-static-libgcc
libc_cv_gcc_tls_model_attr=yes
libc_cv_gcc_unwind_find_fde=no
libc_cv_gnu89_inline=yes
libc_cv_hashstyle=yes
libc_cv_have_bash2=yes
libc_cv_have_ksh=yes
libc_cv_have_sdata_section=yes
libc_cv_have_section_quotes=no
libc_cv_idn=no
libc_cv_initfini_array=yes
libc_cv_ld_no_whole_archive=yes
libc_cv_ld_version_script_option=yes
libc_cv_libgcc_s_suffix=
libc_cv_linux2010='2.0.10 or later'
libc_cv_mlong_double_128=yes
libc_cv_mlong_double_128ibm=yes
libc_cv_need_minus_P=no
libc_cv_nss_crypt=no
libc_cv_omit_dot_syms=yes
libc_cv_overlapping_opd=no
libc_cv_pic_default=no
libc_cv_powerpc64_tls=yes
libc_cv_ppc_machine=yes
libc_cv_prog_as_gnu=yes
libc_cv_prog_ld_gnu=yes
libc_cv_ranlib_necessary=no
libc_cv_signed_size_t=no
libc_cv_slibdir=/lib
libc_cv_ssp=yes
libc_cv_sysconfdir=/etc
libc_cv_visibility_attribute=yes
libc_cv_weak_symbols=yes
libc_cv_z_combreloc=yes
libc_cv_z_execstack=yes
libc_cv_z_initfirst=yes
libc_cv_z_nodelete=yes
libc_cv_z_nodlopen=yes
libc_cv_z_relro=yes

## ----------------- ##
## Output variables. ##
## ----------------- ##

AR='/bgsys/drivers/toolchain/V1R1M0-/gnu-linux/powerpc64-bgq-linux/bin/ar'
AS='/bgsys/drivers/toolchain/V1R1M0-/gnu-linux/powerpc64-bgq-linux/bin/as'
ASFLAGS_config=''
AUTOCONF='autoconf'
AWK='gawk'
BASH_SHELL='/bin/bash'
BISON='/usr/bin/bison'
BUILD_CC='gcc'
CC='powerpc64-bgq-linux-gcc -g -lgcc_eh -lgcc -specs=/bgsys/drivers/toolchain/V1R1M0-/gnu-linux/lib/gcc/powerpc64-bgq-linux/4.4.6/specs.orig'
CFLAGS='-g -O2'
CPP='powerpc64-bgq-linux-gcc -g -lgcc_eh -lgcc -specs=/bgsys/drivers/toolchain/V1R1M0-/gnu-linux/lib/gcc/powerpc64-bgq-linux/4.4.6/specs.orig -E'
CPPFLAGS=''
CXX='powerpc64-bgq-linux-g++'
CXXFLAGS='-g -O2'
CXX_SYSINCLUDES='-isystem ../../../../include/c++/4.4.6 -isystem ../../../../include/c++/4.4.6/powerpc64-bgq-linux -isystem ../../../../include/c++/4.4.6/backward'
DEFINES=' -D_LIBC_REENTRANT'
DEFS='-DHAVE_CONFIG_H'
ECHO_C=''
ECHO_N='-n'
ECHO_T=''
EGREP='/bin/grep -E'
GREP='/bin/grep'
INSTALL_DATA='${INSTALL} -m 644'
INSTALL_INFO='/sbin/install-info'
INSTALL_PROGRAM='${INSTALL}'
INSTALL_SCRIPT='${INSTALL}'
KSH='/bin/bash'
LD='/bgsys/drivers/toolchain/V1R1M0-/gnu-linux/powerpc64-bgq-linux/bin/ld'
LDFLAGS=''
LIBGD='no'
LIBOBJS=''
LIBS=''
LN_S='ln -s'
LTLIBOBJS=''
MAKE='gmake'
MAKEINFO='makeinfo'
MIG=''
MSGFMT='msgfmt'
OBJDUMP='/bgsys/drivers/toolchain/V1R1M0-/gnu-linux/powerpc64-bgq-linux/bin/objdump'
OBJEXT='o'
PACKAGE_BUGREPORT='glibc'
PACKAGE_NAME='GNU C Library'
PACKAGE_STRING='GNU C Library (see version.h)'
PACKAGE_TARNAME='c-library'
PACKAGE_VERSION='(see version.h)'
PATH_SEPARATOR=':'
PERL='/usr/bin/perl'
PWD_P='/bin/pwd'
RANLIB=':'
RELEASE='stable'
SED='sed'
SHELL='/bin/sh'
SYSINCLUDES='-nostdinc -isystem /bgsys/drivers/toolchain/V1R1M0-/gnu-linux/lib/gcc/powerpc64-bgq-linux/4.4.6/include -isystem /bgsys/drivers/toolchain/V1R1M0-/gnu-linux/lib/gcc/powerpc64-bgq-linux/4.4.6/include-fixed -isystem /bgsys/drivers/V1R1M0/ppc64/toolchain/gnu/build-powerpc64-bgq-linux/templinuxheaders-build/include'
VERSION='2.12.2'
VERSIONING='yes'
ac_ct_CC=''
ac_ct_CXX=''
add_on_subdirs=''
add_ons='nptl'
all_warnings=''
base_machine='powerpc'
bindir='/bin'
bindnow='no'
bounded='no'
build='powerpc64-unknown-linux-gnu'
build_alias='powerpc64-linux-gnu'
build_cpu='powerpc64'
build_os='linux-gnu'
build_vendor='unknown'
cross_compiling='yes'
datadir='/usr/share'
datarootdir='${prefix}/share'
docdir='${datarootdir}/doc/${PACKAGE_TARNAME}'
dvidir='${docdir}'
elf='yes'
enable_check_abi='no'
exceptions='-fexceptions'
exec_prefix='${prefix}'
experimental_malloc=''
fno_unit_at_a_time='-fno-toplevel-reorder -fno-section-anchors'
force_install='yes'
gnu89_inline='-fgnu89-inline'
have_libaudit=''
have_libcap=''
have_selinux='no'
host='powerpc64-bgq-linux-gnu'
host_alias='powerpc64-bgq-linux'
host_cpu='powerpc64'
host_os='linux-gnu'
host_vendor='bgq'
htmldir='${docdir}'
includedir='${prefix}/include'
infodir='${datarootdir}/info'
ldd_rewrite_script='../sysdeps/unix/sysv/linux/powerpc/ldd-rewrite.sed'
libc_cv_Bgroup='yes'
libc_cv_as_i686=''
libc_cv_as_needed='yes'
libc_cv_cc_avx=''
libc_cv_cc_sse4=''
libc_cv_cc_submachine=''
libc_cv_cc_with_libunwind='no'
libc_cv_cpp_asm_debuginfo=''
libc_cv_forced_unwind='yes'
libc_cv_fpie='yes'
libc_cv_gcc_static_libgcc='-static-libgcc'
libc_cv_gcc_unwind_find_fde='no'
libc_cv_hashstyle='yes'
libc_cv_have_bash2='yes'
libc_cv_have_initfini=''
libc_cv_have_ksh='yes'
libc_cv_libgcc_s_suffix=''
libc_cv_localedir=''
libc_cv_nss_crypt='no'
libc_cv_pic_default='no'
libc_cv_rootsbindir=''
libc_cv_slibdir='/lib'
libc_cv_ssp='yes'
libc_cv_sysconfdir='/etc'
libc_cv_z_combreloc='yes'
libc_cv_z_execstack='yes'
libdir='/lib'
libexecdir='/libexec'
localedir='${datarootdir}/locale'
localstatedir='${prefix}/var'
mach_interface_list=''
mandir='${datarootdir}/man'
multi_arch='no'
no_whole_archive='-Wl,--no-whole-archive'
nopic_initfini=''
old_glibc_headers='no'
oldest_abi='default'
oldincludedir='/usr/include'
omitfp='no'
pdfdir='${docdir}'
prefix='/home/wscullin/bgqsys'
profile='no'
program_transform_name='s,x,x,'
psdir='${docdir}'
sbindir='${exec_prefix}/sbin'
shared='yes'
sharedstatedir='${prefix}/com'
sizeof_long_double='16'
static='yes'
static_nss='yes'
subdirs='  '
submachine=''
sysconfdir='/etc'
sysdeps_add_ons=' nptl'
sysnames=' sysdeps/powerpc/powerpc64/elf sysdeps/powerpc/elf sysdeps/unix/sysv/linux/powerpc/powerpc64/fpu sysdeps/powerpc/powerpc64/fpu nptl/sysdeps/unix/sysv/linux/powerpc/powerpc64 sysdeps/unix/sysv/linux/powerpc/powerpc64 sysdeps/unix/sysv/linux/wordsize-64 nptl/sysdeps/unix/sysv/linux/powerpc sysdeps/unix/sysv/linux/powerpc sysdeps/ieee754/ldbl-128ibm sysdeps/ieee754/ldbl-opt nptl/sysdeps/unix/sysv/linux nptl/sysdeps/pthread sysdeps/pthread sysdeps/unix/sysv/linux sysdeps/gnu sysdeps/unix/common sysdeps/unix/mman sysdeps/unix/inet nptl/sysdeps/unix/sysv sysdeps/unix/sysv sysdeps/unix/powerpc nptl/sysdeps/unix sysdeps/unix sysdeps/posix sysdeps/powerpc/powerpc64 sysdeps/wordsize-64 sysdeps/powerpc/fpu nptl/sysdeps/powerpc sysdeps/powerpc sysdeps/ieee754/dbl-64 sysdeps/ieee754/flt-32 sysdeps/ieee754 sysdeps/generic/elf sysdeps/generic'
target_alias=''
uname_release=''
uname_sysname=''
uname_version=''
use_ldconfig='yes'
with_cvs='no'
with_fp='yes'
xcoff='no'

## ----------- ##
## confdefs.h. ##
## ----------- ##

#define PACKAGE_NAME "GNU C Library"
#define PACKAGE_TARNAME "c-library"
#define PACKAGE_VERSION "(see version.h)"
#define PACKAGE_STRING "GNU C Library (see version.h)"
#define PACKAGE_BUGREPORT "glibc"
#define DO_STATIC_NSS 1
#define ASM_GLOBAL_DIRECTIVE .globl
#define ASM_TYPE_DIRECTIVE_PREFIX @
#define HAVE_ASM_SET_DIRECTIVE 1
#define HAVE_ASM_UNIQUE_OBJECT 1
#define DO_VERSIONING 1
#define HAVE_ASM_PREVIOUS_DIRECTIVE 1
#define HAVE_SDATA_SECTION 1
#define HAVE_Z_COMBRELOC 1
#define NO_UNDERSCORES 1
#define HAVE_ASM_WEAK_DIRECTIVE 1
#define HAVE_ASM_CFI_DIRECTIVES 1
#define HAVE_BUILTIN_EXPECT 1
#define HAVE_BUILTIN_REDIRECTION 1
#define HAVE___THREAD 1
#define HAVE_TLS_MODEL_ATTRIBUTE 1
#define STDC_HEADERS 1
#define HAVE_SYS_TYPES_H 1
#define HAVE_SYS_STAT_H 1
#define HAVE_STDLIB_H 1
#define HAVE_STRING_H 1
#define HAVE_MEMORY_H 1
#define HAVE_STRINGS_H 1
#define HAVE_INTTYPES_H 1
#define HAVE_STDINT_H 1
#define HAVE_UNISTD_H 1
#define SIZEOF_LONG_DOUBLE 16
#define HAVE_TLS_SUPPORT 1
#define __LINUX_KERNEL_VERSION (2 * 65536 + 4 * 256 + 21)
#define __ABI_TAG_VERSION 2,4,21
#define HAVE_INLINED_SYSCALLS 1
#define USE_IN_LIBIO 1
#define HAVE_ELF 1

configure: exit 0
